Build started 18.02.2015 12:30:15.
     1>Project "c:\Users\Tore\documents\visual studio 2010\Projects\EiT\EiT\EiT.vcxproj" on node 2 (build target(s)).
     1>PrepareForBuild:
         Creating directory "c:\users\tore\documents\visual studio 2010\Projects\EiT\Debug\".
       InitializeBuildStatus:
         Creating "Debug\EiT.unsuccessfulbuild" because "AlwaysCreate" was specified.
       ClCompile:
         C:\Program Files (x86)\Microsoft Visual Studio 10.0\VC\bin\CL.exe /c /ZI /nologo /W3 /WX- /Od /Oy- /D _MBCS /Gm /EHsc /RTC1 /MDd /GS /fp:precise /Zc:wchar_t /Zc:forScope /Fo"Debug\\" /Fd"Debug\vc100.pdb" /Gd /TC /analyze- /errorReport:prompt ..\..\EiT1\EiT1\main.c ..\..\EiT1\EiT1\WriteToFile.c
         WriteToFile.c
     1>c:\users\tore\documents\visual studio 2010\projects\eit1\eit1\writetofile.c(5): warning C4996: 'fopen': This function or variable may be unsafe. Consider using fopen_s instead. To disable deprecation, use _CRT_SECURE_NO_WARNINGS. See online help for details.
                 c:\program files (x86)\microsoft visual studio 10.0\vc\include\stdio.h(234) : see declaration of 'fopen'
         main.c
         Generating Code...
       Link:
         C:\Program Files (x86)\Microsoft Visual Studio 10.0\VC\bin\link.exe /ERRORREPORT:PROMPT /OUT:"c:\users\tore\documents\visual studio 2010\Projects\EiT\Debug\EiT.exe" /NOLOGO kernel32.lib user32.lib gdi32.lib winspool.lib comdlg32.lib advapi32.lib shell32.lib ole32.lib oleaut32.lib uuid.lib odbc32.lib odbccp32.lib /MANIFEST /ManifestFile:"Debug\EiT.exe.intermediate.manifest" /MANIFESTUAC:"level='asInvoker' uiAccess='false'" /DEBUG /PDB:"c:\users\tore\documents\visual studio 2010\Projects\EiT\Debug\EiT.pdb" /TLBID:1 /DYNAMICBASE /NXCOMPAT /IMPLIB:"c:\users\tore\documents\visual studio 2010\Projects\EiT\Debug\EiT.lib" /MACHINE:X86 Debug\main.obj
         Debug\WriteToFile.obj
         EiT.vcxproj -> c:\users\tore\documents\visual studio 2010\Projects\EiT\Debug\EiT.exe
       Manifest:
         C:\Program Files (x86)\Microsoft SDKs\Windows\v7.0A\bin\mt.exe /nologo /verbose /outputresource:"c:\users\tore\documents\visual studio 2010\Projects\EiT\Debug\EiT.exe;#1" /manifest Debug\EiT.exe.intermediate.manifest
       FinalizeBuildStatus:
         Deleting file "Debug\EiT.unsuccessfulbuild".
         Touching "Debug\EiT.lastbuildstate".
     1>Done Building Project "c:\Users\Tore\documents\visual studio 2010\Projects\EiT\EiT\EiT.vcxproj" (build target(s)).

Build succeeded.

Time Elapsed 00:00:00.87
